****************************************
Report : Averaged Power
	-hierarchy
Design : dp_pipe
Version: R-2020.09
Date   : Wed Nov 30 15:02:12 2022
****************************************



                                      Int      Switch   Leak      Total
Hierarchy                             Power    Power    Power     Power    %
--------------------------------------------------------------------------------
dp_pipe                               1.89e-03 8.41e-04 2.14e-04  2.95e-03 100.0
  clk_gate_C33 (SNPS_CLOCK_GATE_HIGH_dp_pipe)
                                      2.27e-07 3.58e-06 1.33e-08  3.82e-06   0.1
  DP_adder_L1 (pipe_3)                3.56e-04 1.90e-04 3.68e-05  5.82e-04  19.7
    add_0_root_add_72_S2_ni (pipe_3_DW01_inc_1_DW01_inc_3)
                                      7.60e-06 1.45e-06 1.36e-06  1.04e-05   0.4
    add_0_root_add_81_S2_ni (pipe_3_DW01_inc_2_DW01_inc_4)
                                      7.97e-06 1.55e-06 1.36e-06  1.09e-05   0.4
    add_0_root_add_75_S2_ni (pipe_3_DW01_inc_0_DW01_inc_2)
                                      8.03e-06 1.58e-06 1.36e-06  1.10e-05   0.4
    add_0_root_add_78_S2_ni (pipe_3_DW01_inc_3_DW01_inc_5)
                                      6.85e-06 1.30e-06 1.36e-06  9.52e-06   0.3
    sub_21 (pipe_3_DW01_sub_3_DW01_sub_8)
                                      1.45e-06 5.61e-07 4.10e-07  2.42e-06   0.1
    sub_23 (pipe_3_DW01_sub_1_DW01_sub_6)
                                      1.42e-06 5.45e-07 4.09e-07  2.38e-06   0.1
    sub_23_2 (pipe_3_DW01_sub_0_DW01_sub_5)
                                      1.41e-06 5.51e-07 4.10e-07  2.37e-06   0.1
    add_90 (pipe_3_DW01_add_1_DW01_add_2)
                                      3.71e-05 9.74e-06 2.46e-06  4.93e-05   1.7
    add_91 (pipe_3_DW01_add_0_DW01_add_1)
                                      3.64e-05 9.54e-06 2.46e-06  4.84e-05   1.6
    sub_21_2 (pipe_3_DW01_sub_2_DW01_sub_7)
                                      1.46e-06 5.69e-07 4.09e-07  2.44e-06   0.1
  DP_adder_L2 (pipe_4)                1.89e-04 9.19e-05 1.85e-05  2.99e-04  10.1
    add_0_root_add_53_S2_ni (pipe_4_DW01_inc_0_DW01_inc_6)
                                      1.41e-05 3.12e-06 1.36e-06  1.86e-05   0.6
    sub_17_2 (pipe_4_DW01_sub_0_DW01_sub_3)
                                      1.23e-06 4.62e-07 4.09e-07  2.10e-06   0.1
    sub_17 (pipe_4_DW01_sub_1_DW01_sub_4)
                                      1.26e-06 4.54e-07 4.09e-07  2.12e-06   0.1
    add_47 (pipe_4_DW01_add_0)        2.94e-05 1.33e-05 2.46e-06  4.52e-05   1.5
  round_packing (pipe_5)              7.76e-05 4.02e-05 1.08e-05  1.29e-04   4.4
    sub_29_2 (pipe_5_DW01_sub_0)      1.69e-06 7.56e-07 4.12e-07  2.86e-06   0.1
    add_50 (pipe_5_DW01_inc_1)        1.61e-06 4.03e-07 2.39e-07  2.25e-06   0.1
    add_53 (pipe_5_DW01_inc_0)        3.46e-06 8.24e-07 5.81e-07  4.86e-06   0.2
  unpacking (pipe_1)                  6.76e-06 1.89e-06 2.40e-06  1.11e-05   0.4
  R1 (reg_1)                          1.22e-04 1.54e-05 1.38e-05  1.51e-04   5.1
  R2 (reg_2)                          1.48e-04 8.00e-06 1.20e-05  1.68e-04   5.7
  R3 (reg_3)                          7.96e-05 3.99e-06 5.94e-06  8.95e-05   3.0
  R4 (reg_4)                          7.47e-05 2.97e-06 5.54e-06  8.32e-05   2.8
  multiplier (pipe_2)                 8.38e-04 4.83e-04 1.07e-04  1.43e-03  48.4
    mult_50 (pipe_2_DW_mult_uns_1)    5.04e-05 3.09e-05 5.79e-06  8.70e-05   3.0
    mult_51 (pipe_2_DW_mult_uns_3)    3.50e-05 2.18e-05 5.78e-06  6.26e-05   2.1
    mult_54 (pipe_2_DW_mult_uns_12)   3.19e-05 2.04e-05 5.78e-06  5.81e-05   2.0
    mult_55 (pipe_2_DW_mult_uns_14)   4.69e-05 2.89e-05 5.77e-06  8.16e-05   2.8
    mult_56 (pipe_2_DW_mult_uns_13)   5.03e-05 3.08e-05 5.79e-06  8.69e-05   2.9
    mult_57 (pipe_2_DW_mult_uns_15)   3.50e-05 2.18e-05 5.78e-06  6.25e-05   2.1
    add_1_root_add_0_root_add_69_2 (pipe_2_DW01_add_9_DW01_add_12)
                                      1.84e-05 9.31e-06 1.24e-06  2.90e-05   1.0
    r496 (pipe_2_DW01_add_3_DW01_add_6)
                                      9.94e-07 5.57e-07 3.79e-07  1.93e-06   0.1
    r498 (pipe_2_DW01_add_2_DW01_add_5)
                                      9.94e-07 5.57e-07 3.79e-07  1.93e-06   0.1
    add_1_root_add_0_root_add_68_2 (pipe_2_DW01_add_11_DW01_add_14)
                                      1.83e-05 9.27e-06 1.24e-06  2.88e-05   1.0
    mult_60 (pipe_2_DW_mult_uns_8)    3.17e-05 2.03e-05 5.78e-06  5.78e-05   2.0
    mult_61 (pipe_2_DW_mult_uns_10)   4.74e-05 2.92e-05 5.78e-06  8.24e-05   2.8
    mult_62 (pipe_2_DW_mult_uns_9)    5.07e-05 3.12e-05 5.79e-06  8.77e-05   3.0
    r500 (pipe_2_DW01_add_1_DW01_add_4)
                                      9.81e-07 5.50e-07 3.79e-07  1.91e-06   0.1
    mult_63 (pipe_2_DW_mult_uns_11)   3.53e-05 2.21e-05 5.78e-06  6.31e-05   2.1
    r502 (pipe_2_DW01_add_0_DW01_add_3)
                                      9.90e-07 5.54e-07 3.78e-07  1.92e-06   0.1
    add_1_root_add_0_root_add_67_2 (pipe_2_DW01_add_5_DW01_add_8)
                                      1.83e-05 9.25e-06 1.24e-06  2.88e-05   1.0
    add_1_root_add_0_root_add_66_2 (pipe_2_DW01_add_7_DW01_add_10)
                                      1.81e-05 9.12e-06 1.24e-06  2.84e-05   1.0
    add_0_root_add_0_root_add_69_2 (pipe_2_DW01_add_8_DW01_add_11)
                                      2.42e-05 6.52e-06 1.58e-06  3.23e-05   1.1
    add_0_root_add_0_root_add_68_2 (pipe_2_DW01_add_10_DW01_add_13)
                                      2.41e-05 6.50e-06 1.58e-06  3.22e-05   1.1
    add_0_root_add_0_root_add_67_2 (pipe_2_DW01_add_4_DW01_add_7)
                                      2.43e-05 6.54e-06 1.58e-06  3.24e-05   1.1
    add_0_root_add_0_root_add_66_2 (pipe_2_DW01_add_6_DW01_add_9)
                                      2.38e-05 6.40e-06 1.58e-06  3.18e-05   1.1
    mult_42 (pipe_2_DW_mult_uns_4)    3.20e-05 2.05e-05 5.78e-06  5.83e-05   2.0
    mult_43 (pipe_2_DW_mult_uns_6)    4.68e-05 2.88e-05 5.77e-06  8.14e-05   2.8
    mult_44 (pipe_2_DW_mult_uns_5)    4.96e-05 3.04e-05 5.79e-06  8.58e-05   2.9
    mult_45 (pipe_2_DW_mult_uns_7)    3.43e-05 2.14e-05 5.78e-06  6.14e-05   2.1
    mult_48 (pipe_2_DW_mult_uns_0)    3.20e-05 2.05e-05 5.78e-06  5.83e-05   2.0
    mult_49 (pipe_2_DW_mult_uns_2)    4.74e-05 2.92e-05 5.77e-06  8.24e-05   2.8
1
