****************************************
Report : Averaged Power
	-hierarchy
Design : dp_pipe
Version: R-2020.09
Date   : Wed Nov 30 15:03:27 2022
****************************************



                                      Int      Switch   Leak      Total
Hierarchy                             Power    Power    Power     Power    %
--------------------------------------------------------------------------------
dp_pipe                               1.04e-03 4.21e-04 2.11e-04  1.67e-03 100.0
  clk_gate_C33 (SNPS_CLOCK_GATE_HIGH_dp_pipe)
                                      9.09e-08    0.000 1.74e-08  1.08e-07   0.0
  DP_adder_L1 (pipe_3)                2.01e-04 1.19e-04 3.54e-05  3.56e-04  21.2
    add_0_root_add_72_S2_ni (pipe_3_DW01_inc_1_DW01_inc_3)
                                      4.48e-06 1.04e-06 1.38e-06  6.89e-06   0.4
    add_0_root_add_81_S2_ni (pipe_3_DW01_inc_2_DW01_inc_4)
                                      4.60e-06 1.06e-06 1.38e-06  7.04e-06   0.4
    add_0_root_add_75_S2_ni (pipe_3_DW01_inc_0_DW01_inc_2)
                                      4.79e-06 1.11e-06 1.38e-06  7.28e-06   0.4
    add_0_root_add_78_S2_ni (pipe_3_DW01_inc_3_DW01_inc_5)
                                      3.99e-06 9.09e-07 1.38e-06  6.28e-06   0.4
    sub_21 (pipe_3_DW01_sub_3_DW01_sub_8)
                                      1.51e-06 5.36e-07 4.09e-07  2.46e-06   0.1
    sub_23 (pipe_3_DW01_sub_1_DW01_sub_6)
                                      1.48e-06 5.24e-07 4.09e-07  2.41e-06   0.1
    sub_23_2 (pipe_3_DW01_sub_0_DW01_sub_5)
                                      1.46e-06 5.25e-07 4.09e-07  2.39e-06   0.1
    add_90 (pipe_3_DW01_add_1_DW01_add_2)
                                      2.44e-05 6.51e-06 2.47e-06  3.34e-05   2.0
    add_91 (pipe_3_DW01_add_0_DW01_add_1)
                                      2.39e-05 6.37e-06 2.47e-06  3.27e-05   2.0
    sub_21_2 (pipe_3_DW01_sub_2_DW01_sub_7)
                                      1.52e-06 5.45e-07 4.09e-07  2.48e-06   0.1
  DP_adder_L2 (pipe_4)                1.45e-04 7.42e-05 1.85e-05  2.37e-04  14.2
    add_0_root_add_53_S2_ni (pipe_4_DW01_inc_0_DW01_inc_6)
                                      1.10e-05 2.46e-06 1.36e-06  1.48e-05   0.9
    sub_17_2 (pipe_4_DW01_sub_0_DW01_sub_3)
                                      1.24e-06 4.59e-07 4.09e-07  2.11e-06   0.1
    sub_17 (pipe_4_DW01_sub_1_DW01_sub_4)
                                      1.27e-06 4.55e-07 4.09e-07  2.14e-06   0.1
    add_47 (pipe_4_DW01_add_0)        2.29e-05 1.03e-05 2.47e-06  3.56e-05   2.1
  round_packing (pipe_5)              4.61e-05 2.73e-05 1.05e-05  8.39e-05   5.0
    sub_29_2 (pipe_5_DW01_sub_0)      1.78e-06 7.44e-07 4.12e-07  2.94e-06   0.2
    add_50 (pipe_5_DW01_inc_1)        1.84e-06 4.64e-07 2.38e-07  2.54e-06   0.2
    add_53 (pipe_5_DW01_inc_0)        1.44e-07 3.71e-08 5.68e-07  7.50e-07   0.0
  unpacking (pipe_1)                  3.19e-06 4.60e-07 1.60e-06  5.24e-06   0.3
  R1 (reg_1)                          7.16e-05 1.06e-05 1.34e-05  9.56e-05   5.7
  R2 (reg_2)                          1.11e-04 4.16e-06 1.16e-05  1.27e-04   7.6
  R3 (reg_3)                          6.83e-05 3.94e-06 5.93e-06  7.82e-05   4.7
  R4 (reg_4)                          6.72e-05 1.31e-06 5.45e-06  7.40e-05   4.4
  multiplier (pipe_2)                 3.24e-04 1.79e-04 1.08e-04  6.11e-04  36.5
    mult_50 (pipe_2_DW_mult_uns_1)    2.67e-06 2.25e-06 5.77e-06  1.07e-05   0.6
    mult_51 (pipe_2_DW_mult_uns_3)       0.000    0.000 5.68e-06  5.68e-06   0.3
    mult_54 (pipe_2_DW_mult_uns_12)   2.94e-05 1.80e-05 5.78e-06  5.32e-05   3.2
    mult_55 (pipe_2_DW_mult_uns_14)   2.95e-05 1.73e-05 5.72e-06  5.25e-05   3.1
    mult_56 (pipe_2_DW_mult_uns_13)   2.64e-06 2.22e-06 5.77e-06  1.06e-05   0.6
    mult_57 (pipe_2_DW_mult_uns_15)      0.000    0.000 5.68e-06  5.68e-06   0.3
    add_1_root_add_0_root_add_69_2 (pipe_2_DW01_add_9_DW01_add_12)
                                      6.77e-06 3.73e-06 1.39e-06  1.19e-05   0.7
    r496 (pipe_2_DW01_add_3_DW01_add_6)
                                      7.12e-07 4.48e-07 3.86e-07  1.55e-06   0.1
    r498 (pipe_2_DW01_add_2_DW01_add_5)
                                      7.08e-07 4.47e-07 3.86e-07  1.54e-06   0.1
    add_1_root_add_0_root_add_68_2 (pipe_2_DW01_add_11_DW01_add_14)
                                      6.43e-06 3.54e-06 1.39e-06  1.14e-05   0.7
    mult_60 (pipe_2_DW_mult_uns_8)    2.97e-05 1.82e-05 5.78e-06  5.37e-05   3.2
    mult_61 (pipe_2_DW_mult_uns_10)   3.04e-05 1.78e-05 5.72e-06  5.40e-05   3.2
    mult_62 (pipe_2_DW_mult_uns_9)    2.65e-06 2.24e-06 5.77e-06  1.07e-05   0.6
    r500 (pipe_2_DW01_add_1_DW01_add_4)
                                      6.99e-07 4.41e-07 3.86e-07  1.53e-06   0.1
    mult_63 (pipe_2_DW_mult_uns_11)      0.000    0.000 5.68e-06  5.68e-06   0.3
    r502 (pipe_2_DW01_add_0_DW01_add_3)
                                      7.08e-07 4.45e-07 3.86e-07  1.54e-06   0.1
    add_1_root_add_0_root_add_67_2 (pipe_2_DW01_add_5_DW01_add_8)
                                      6.56e-06 3.61e-06 1.39e-06  1.16e-05   0.7
    add_1_root_add_0_root_add_66_2 (pipe_2_DW01_add_7_DW01_add_10)
                                      6.50e-06 3.58e-06 1.39e-06  1.15e-05   0.7
    add_0_root_add_0_root_add_69_2 (pipe_2_DW01_add_8_DW01_add_11)
                                      1.08e-05 2.57e-06 1.70e-06  1.51e-05   0.9
    add_0_root_add_0_root_add_68_2 (pipe_2_DW01_add_10_DW01_add_13)
                                      1.05e-05 2.47e-06 1.71e-06  1.47e-05   0.9
    add_0_root_add_0_root_add_67_2 (pipe_2_DW01_add_4_DW01_add_7)
                                      1.06e-05 2.48e-06 1.71e-06  1.48e-05   0.9
    add_0_root_add_0_root_add_66_2 (pipe_2_DW01_add_6_DW01_add_9)
                                      1.06e-05 2.49e-06 1.71e-06  1.48e-05   0.9
    mult_42 (pipe_2_DW_mult_uns_4)    2.94e-05 1.81e-05 5.78e-06  5.33e-05   3.2
    mult_43 (pipe_2_DW_mult_uns_6)    2.95e-05 1.72e-05 5.72e-06  5.24e-05   3.1
    mult_44 (pipe_2_DW_mult_uns_5)    2.65e-06 2.23e-06 5.77e-06  1.07e-05   0.6
    mult_45 (pipe_2_DW_mult_uns_7)       0.000    0.000 5.68e-06  5.68e-06   0.3
    mult_48 (pipe_2_DW_mult_uns_0)    2.94e-05 1.81e-05 5.78e-06  5.32e-05   3.2
    mult_49 (pipe_2_DW_mult_uns_2)    3.00e-05 1.75e-05 5.72e-06  5.33e-05   3.2
1
